<?xml version="1.0" encoding="UTF-8"?>
<!-- Generated by org.testng.reporters.JUnitXMLReporter -->
<testsuite ignored="0" hostname="Tathagata" failures="0" tests="1" name="Test" time="11.246" errors="0" timestamp="2025-03-23T15:11:20 IST">
  <testcase classname="mytest.demo" name="@BeforeMethod setupDriver" time="11.17">
    <failure type="java.lang.NoSuchMethodError" message="&amp;apos;org.openqa.selenium.remote.http.HttpClient org.openqa.selenium.remote.http.HttpClient$Factory.createClient(org.openqa.selenium.remote.http.ClientConfig)&amp;apos;">
      <![CDATA[java.lang.NoSuchMethodError: 'org.openqa.selenium.remote.http.HttpClient org.openqa.selenium.remote.http.HttpClient$Factory.createClient(org.openqa.selenium.remote.http.ClientConfig)'
at com.epam.healenium.client.RestClient.getHttpClient(RestClient.java:95)
at com.epam.healenium.client.RestClient.<init>(RestClient.java:82)
at com.epam.healenium.SelfHealingDriver.setEngineFields(SelfHealingDriver.java:56)
at com.epam.healenium.SelfHealingDriver.create(SelfHealingDriver.java:41)
at mytest.demo.setupDriver(demo.java:20)
at java.base/java.util.ArrayList.forEach(ArrayList.java:1511)
... Removed 31 stack frames]]>
    </failure>
  </testcase> <!-- @BeforeMethod setupDriver -->
  <testcase classname="mytest.demo" name="test" time="0.0">
    <skipped/>
  </testcase> <!-- test -->
</testsuite> <!-- Test -->
