<?xml version="1.0" encoding="UTF-8"?>
<testng-results ignored="0" total="1" passed="1" failed="0" skipped="0">
  <reporter-output>
  </reporter-output>
  <suite started-at="2025-03-23T22:56:43 IST" name="Suite" finished-at="2025-03-23T22:56:45 IST" duration-ms="1678">
    <groups>
    </groups>
    <test started-at="2025-03-23T22:56:43 IST" name="Test" finished-at="2025-03-23T22:56:45 IST" duration-ms="1678">
      <class name="mytest.demo">
        <test-method is-config="true" signature="setupDriver()[pri:0, instance:mytest.demo@4007f65e]" started-at="2025-03-23T22:56:43 IST" name="setupDriver" finished-at="2025-03-23T22:56:44 IST" duration-ms="1369" status="PASS">
          <reporter-output>
          </reporter-output>
        </test-method> <!-- setupDriver -->
        <test-method signature="test()[pri:0, instance:mytest.demo@4007f65e]" started-at="2025-03-23T22:56:44 IST" name="test" finished-at="2025-03-23T22:56:45 IST" duration-ms="265" status="PASS">
          <reporter-output>
          </reporter-output>
        </test-method> <!-- test -->
      </class> <!-- mytest.demo -->
    </test> <!-- Test -->
  </suite> <!-- Suite -->
</testng-results>
